bin executables deleted
h5pfc -ffpe-trap=invalid,zero,overflow -ffree-line-length-170 -m64 -march=native -fimplicit-none -O3 -fcheck=all -g -fimplicit-none   -fopenmp -ffree-form  -DOPENMP -DHDF -DPARALELO  -J bin -c -o bin/modulos.o src/modulos.F
h5pfc -ffpe-trap=invalid,zero,overflow -ffree-line-length-170 -m64 -march=native -fimplicit-none -O3 -fcheck=all -g -fimplicit-none   -fopenmp -ffree-form  -DOPENMP -DHDF -DPARALELO  -J bin -c -o bin/main3bu.o src/main3bu.F
h5pfc -ffpe-trap=invalid,zero,overflow -ffree-line-length-170 -m64 -march=native -fimplicit-none -O3 -fcheck=all -g -fimplicit-none   -fopenmp -ffree-form  -DOPENMP -DHDF -DPARALELO  -J bin -c -o bin/bndrybu_improved.o src/bndrybu_improved.F
h5pfc -ffpe-trap=invalid,zero,overflow -ffree-line-length-170 -m64 -march=native -fimplicit-none -O3 -fcheck=all -g -fimplicit-none   -fopenmp -ffree-form  -DOPENMP -DHDF -DPARALELO  -J bin -c -o bin/coef.o src/coef.F
h5pfc -ffpe-trap=invalid,zero,overflow -ffree-line-length-170 -m64 -march=native -fimplicit-none -O3 -fcheck=all -g -fimplicit-none   -fopenmp -ffree-form  -DOPENMP -DHDF -DPARALELO  -J bin -c -o bin/eos.o src/eos.F
h5pfc -ffpe-trap=invalid,zero,overflow -ffree-line-length-170 -m64 -march=native -fimplicit-none -O3 -fcheck=all -g -fimplicit-none   -fopenmp -ffree-form  -DOPENMP -DHDF -DPARALELO  -J bin -c -o bin/filnam.o src/filnam.F
h5pfc -ffpe-trap=invalid,zero,overflow -ffree-line-length-170 -m64 -march=native -fimplicit-none -O3 -fcheck=all -g -fimplicit-none   -fopenmp -ffree-form  -DOPENMP -DHDF -DPARALELO  -J bin -c -o bin/geom.o src/geom.F
h5pfc -ffpe-trap=invalid,zero,overflow -ffree-line-length-170 -m64 -march=native -fimplicit-none -O3 -fcheck=all -g -fimplicit-none   -fopenmp -ffree-form  -DOPENMP -DHDF -DPARALELO  -J bin -c -o bin/getprfq3d.o src/getprfq3d.F
h5pfc -ffpe-trap=invalid,zero,overflow -ffree-line-length-170 -m64 -march=native -fimplicit-none -O3 -fcheck=all -g -fimplicit-none   -fopenmp -ffree-form  -DOPENMP -DHDF -DPARALELO  -J bin -c -o bin/gridbu.o src/gridbu.F
h5pfc -ffpe-trap=invalid,zero,overflow -ffree-line-length-170 -m64 -march=native -fimplicit-none -O3 -fcheck=all -g -fimplicit-none   -fopenmp -ffree-form  -DOPENMP -DHDF -DPARALELO  -J bin -c -o bin/hydrow3.o src/hydrow3.F
h5pfc -ffpe-trap=invalid,zero,overflow -ffree-line-length-170 -m64 -march=native -fimplicit-none -O3 -fcheck=all -g -fimplicit-none   -fopenmp -ffree-form  -DOPENMP -DHDF -DPARALELO  -J bin -c -o bin/initbu_improved.o src/initbu_improved.F
h5pfc -ffpe-trap=invalid,zero,overflow -ffree-line-length-170 -m64 -march=native -fimplicit-none -O3 -fcheck=all -g -fimplicit-none   -fopenmp -ffree-form  -DOPENMP -DHDF -DPARALELO  -J bin -c -o bin/init_ext.o src/init_ext.F
h5pfc -ffpe-trap=invalid,zero,overflow -ffree-line-length-170 -m64 -march=native -fimplicit-none -O3 -fcheck=all -g -fimplicit-none   -fopenmp -ffree-form  -DOPENMP -DHDF -DPARALELO  -J bin -c -o bin/input.o src/input.F
h5pfc -ffpe-trap=invalid,zero,overflow -ffree-line-length-170 -m64 -march=native -fimplicit-none -O3 -fcheck=all -g -fimplicit-none   -fopenmp -ffree-form  -DOPENMP -DHDF -DPARALELO  -J bin -c -o bin/pltout.o src/pltout.F
h5pfc -ffpe-trap=invalid,zero,overflow -ffree-line-length-170 -m64 -march=native -fimplicit-none -O3 -fcheck=all -g -fimplicit-none   -fopenmp -ffree-form  -DOPENMP -DHDF -DPARALELO  -J bin -c -o bin/psgrav_improved.o src/psgrav_improved.F
h5pfc -ffpe-trap=invalid,zero,overflow -ffree-line-length-170 -m64 -march=native -fimplicit-none -O3 -fcheck=all -g -fimplicit-none   -fopenmp -ffree-form  -DOPENMP -DHDF -DPARALELO  -J bin -c -o bin/riem3dp.o src/riem3dp.F
h5pfc -ffpe-trap=invalid,zero,overflow -ffree-line-length-170 -m64 -march=native -fimplicit-none -O3 -fcheck=all -g -fimplicit-none   -fopenmp -ffree-form  -DOPENMP -DHDF -DPARALELO  -J bin -c -o bin/tdelay.o src/tdelay.F
h5pfc -ffpe-trap=invalid,zero,overflow -ffree-line-length-170 -m64 -march=native -fimplicit-none -O3 -fcheck=all -g -fimplicit-none   -fopenmp -ffree-form  -DOPENMP -DHDF -DPARALELO  -J bin -c -o bin/tstep_nocooling.o src/tstep_nocooling.F
h5pfc -ffpe-trap=invalid,zero,overflow -ffree-line-length-170 -m64 -march=native -fimplicit-none -O3 -fcheck=all -g -fimplicit-none   -fopenmp -ffree-form  -DOPENMP -DHDF -DPARALELO  -J bin -c -o bin/paralelo.o src/paralelo.F
h5pfc -ffpe-trap=invalid,zero,overflow -ffree-line-length-170 -m64 -march=native -fimplicit-none -O3 -fcheck=all -g -fimplicit-none   -fopenmp -ffree-form  -DOPENMP -DHDF -DPARALELO  -J bin -c -o bin/stmass0.o src/stmass0.F
h5pfc -ffpe-trap=invalid,zero,overflow -ffree-line-length-170 -m64 -march=native -fimplicit-none -O3 -fcheck=all -g -fimplicit-none   -fopenmp -ffree-form  -DOPENMP -DHDF -DPARALELO  -J bin -c -o bin/sweeps_improved.o src/sweeps_improved.F
h5pfc -ffpe-trap=invalid,zero,overflow -ffree-line-length-170 -m64 -march=native -fimplicit-none -O3 -fcheck=all -g -fimplicit-none   -fopenmp -ffree-form  -DOPENMP -DHDF -DPARALELO  -J bin -c -o bin/misc.o src/misc.F
h5pfc -ffpe-trap=invalid,zero,overflow -ffree-line-length-170 -m64 -march=native -fimplicit-none -O3 -fcheck=all -g -fimplicit-none   -fopenmp -ffree-form  -DOPENMP -DHDF -DPARALELO  -J bin -c -o bin/restrt_hdf5.o src/restrt_hdf5.F
h5pfc -ffpe-trap=invalid,zero,overflow -ffree-line-length-170 -m64 -march=native -fimplicit-none -O3 -fcheck=all -g -fimplicit-none   -fopenmp -ffree-form  -DOPENMP -DHDF -DPARALELO  -J bin -c -o bin/rec_hdf5.o src/rec_hdf5.F
h5pfc -ffpe-trap=invalid,zero,overflow -ffree-line-length-170 -m64 -march=native -fimplicit-none -O3 -fcheck=all -g -fimplicit-none   -fopenmp -ffree-form  -DOPENMP -DHDF -DPARALELO  -J bin -c -o bin/rst_hdf5.o src/rst_hdf5.F
h5pfc -ffpe-trap=invalid,zero,overflow -ffree-line-length-170 -m64 -march=native -fimplicit-none -O3 -fcheck=all -g -fimplicit-none   -fopenmp -ffree-form  -DOPENMP -DHDF -DPARALELO  -J bin bin/modulos.o bin/main3bu.o bin/bndrybu_improved.o bin/coef.o bin/eos.o bin/filnam.o bin/geom.o bin/getprfq3d.o bin/gridbu.o bin/hydrow3.o bin/initbu_improved.o bin/init_ext.o bin/input.o bin/pltout.o bin/psgrav_improved.o bin/riem3dp.o bin/tdelay.o bin/tstep_nocooling.o bin/paralelo.o bin/stmass0.o bin/sweeps_improved.o bin/misc.o bin/restrt_hdf5.o bin/rec_hdf5.o bin/rst_hdf5.o -o RATPENAT
